[INFO][main][2017-04-27 17:34:47][org.springframework.context.support.AbstractApplicationContext] - Refreshing org.springframework.context.support.ClassPathXmlApplicationContext@38cccef: startup date [Thu Apr 27 17:34:47 CST 2017]; root of context hierarchy
[INFO][main][2017-04-27 17:34:48][org.springframework.beans.factory.xml.XmlBeanDefinitionReader] - Loading XML bean definitions from class path resource [spring-mybatis.xml]
[WARN][main][2017-04-27 17:34:49][org.mybatis.spring.mapper.ClassPathMapperScanner] - No MyBatis mapper was found in '[com.heitian.ssm.dao]' package. Please check your configuration.
[INFO][main][2017-04-27 17:34:49][org.springframework.core.io.support.PropertiesLoaderSupport] - Loading properties file from class path resource [jdbc.properties]
[INFO][main][2017-04-27 17:34:49][org.springframework.beans.factory.annotation.AutowiredAnnotationBeanPostProcessor] - JSR-330 'javax.inject.Inject' annotation found and supported for autowiring
[INFO][main][2017-04-27 17:52:30][org.springframework.context.support.AbstractApplicationContext] - Refreshing org.springframework.context.support.ClassPathXmlApplicationContext@762efe5d: startup date [Thu Apr 27 17:52:30 CST 2017]; root of context hierarchy
[INFO][main][2017-04-27 17:52:30][org.springframework.beans.factory.xml.XmlBeanDefinitionReader] - Loading XML bean definitions from class path resource [spring-mybatis.xml]
[WARN][main][2017-04-27 17:52:31][org.mybatis.spring.mapper.ClassPathMapperScanner] - No MyBatis mapper was found in '[com.heitian.ssm.dao]' package. Please check your configuration.
[INFO][main][2017-04-27 17:52:31][org.springframework.core.io.support.PropertiesLoaderSupport] - Loading properties file from class path resource [jdbc.properties]
[INFO][main][2017-04-27 17:52:31][org.springframework.beans.factory.annotation.AutowiredAnnotationBeanPostProcessor] - JSR-330 'javax.inject.Inject' annotation found and supported for autowiring
[INFO][main][2017-04-27 19:05:56][org.springframework.context.support.AbstractApplicationContext] - Refreshing org.springframework.context.support.ClassPathXmlApplicationContext@762efe5d: startup date [Thu Apr 27 19:05:56 CST 2017]; root of context hierarchy
[INFO][main][2017-04-27 19:05:56][org.springframework.beans.factory.xml.XmlBeanDefinitionReader] - Loading XML bean definitions from class path resource [spring-mybatis.xml]
[WARN][main][2017-04-27 19:05:57][org.mybatis.spring.mapper.ClassPathMapperScanner] - No MyBatis mapper was found in '[com.heitian.ssm.dao]' package. Please check your configuration.
[INFO][main][2017-04-27 19:05:57][org.springframework.core.io.support.PropertiesLoaderSupport] - Loading properties file from class path resource [jdbc.properties]
[INFO][main][2017-04-27 19:05:57][org.springframework.beans.factory.annotation.AutowiredAnnotationBeanPostProcessor] - JSR-330 'javax.inject.Inject' annotation found and supported for autowiring
[INFO][main][2017-04-27 19:13:38][org.springframework.context.support.AbstractApplicationContext] - Refreshing org.springframework.context.support.ClassPathXmlApplicationContext@762efe5d: startup date [Thu Apr 27 19:13:38 CST 2017]; root of context hierarchy
[INFO][main][2017-04-27 19:13:38][org.springframework.beans.factory.xml.XmlBeanDefinitionReader] - Loading XML bean definitions from class path resource [spring-mybatis.xml]
[WARN][main][2017-04-27 19:13:38][org.mybatis.spring.mapper.ClassPathMapperScanner] - No MyBatis mapper was found in '[com.heitian.ssm.dao]' package. Please check your configuration.
[INFO][main][2017-04-27 19:13:38][org.springframework.core.io.support.PropertiesLoaderSupport] - Loading properties file from class path resource [jdbc.properties]
[INFO][main][2017-04-27 19:13:38][org.springframework.beans.factory.annotation.AutowiredAnnotationBeanPostProcessor] - JSR-330 'javax.inject.Inject' annotation found and supported for autowiring
[INFO][main][2017-04-27 19:23:44][org.springframework.context.support.AbstractApplicationContext] - Refreshing org.springframework.context.support.ClassPathXmlApplicationContext@762efe5d: startup date [Thu Apr 27 19:23:44 CST 2017]; root of context hierarchy
[INFO][main][2017-04-27 19:23:45][org.springframework.beans.factory.xml.XmlBeanDefinitionReader] - Loading XML bean definitions from class path resource [spring-mybatis.xml]
[WARN][main][2017-04-27 19:23:45][org.mybatis.spring.mapper.ClassPathMapperScanner] - No MyBatis mapper was found in '[com.heitian.ssm.dao]' package. Please check your configuration.
[INFO][main][2017-04-27 19:23:45][org.springframework.core.io.support.PropertiesLoaderSupport] - Loading properties file from class path resource [jdbc.properties]
[INFO][main][2017-04-27 19:23:45][org.springframework.beans.factory.annotation.AutowiredAnnotationBeanPostProcessor] - JSR-330 'javax.inject.Inject' annotation found and supported for autowiring
[INFO][main][2017-04-27 19:35:48][org.springframework.context.support.AbstractApplicationContext] - Refreshing org.springframework.context.support.ClassPathXmlApplicationContext@762efe5d: startup date [Thu Apr 27 19:35:48 CST 2017]; root of context hierarchy
[INFO][main][2017-04-27 19:35:48][org.springframework.beans.factory.xml.XmlBeanDefinitionReader] - Loading XML bean definitions from class path resource [spring-mybatis.xml]
[WARN][main][2017-04-27 19:35:48][org.mybatis.spring.mapper.ClassPathMapperScanner] - No MyBatis mapper was found in '[com.heitian.ssm.dao]' package. Please check your configuration.
[INFO][main][2017-04-27 19:35:48][org.springframework.core.io.support.PropertiesLoaderSupport] - Loading properties file from class path resource [jdbc.properties]
[INFO][main][2017-04-27 19:35:48][org.springframework.beans.factory.annotation.AutowiredAnnotationBeanPostProcessor] - JSR-330 'javax.inject.Inject' annotation found and supported for autowiring
[INFO][main][2017-04-27 19:38:02][org.springframework.context.support.AbstractApplicationContext] - Refreshing org.springframework.context.support.ClassPathXmlApplicationContext@762efe5d: startup date [Thu Apr 27 19:38:02 CST 2017]; root of context hierarchy
[INFO][main][2017-04-27 19:38:02][org.springframework.beans.factory.xml.XmlBeanDefinitionReader] - Loading XML bean definitions from class path resource [spring-mybatis.xml]
[WARN][main][2017-04-27 19:38:03][org.mybatis.spring.mapper.ClassPathMapperScanner] - No MyBatis mapper was found in '[com.heitian.ssm.dao]' package. Please check your configuration.
[INFO][main][2017-04-27 19:38:03][org.springframework.core.io.support.PropertiesLoaderSupport] - Loading properties file from class path resource [jdbc.properties]
[INFO][main][2017-04-27 19:38:03][org.springframework.beans.factory.annotation.AutowiredAnnotationBeanPostProcessor] - JSR-330 'javax.inject.Inject' annotation found and supported for autowiring
[WARN][main][2017-04-27 19:38:03][org.springframework.context.support.AbstractApplicationContext] - Exception encountered during context initialization - cancelling refresh attempt: org.springframework.beans.factory.BeanCreationException: Error creating bean with name 'p': Injection of resource dependencies failed; nested exception is org.springframework.beans.factory.NoSuchBeanDefinitionException: No bean named 'ca' is defined
[INFO][main][2017-04-27 19:38:34][org.springframework.context.support.AbstractApplicationContext] - Refreshing org.springframework.context.support.ClassPathXmlApplicationContext@762efe5d: startup date [Thu Apr 27 19:38:34 CST 2017]; root of context hierarchy
[INFO][main][2017-04-27 19:38:34][org.springframework.beans.factory.xml.XmlBeanDefinitionReader] - Loading XML bean definitions from class path resource [spring-mybatis.xml]
[WARN][main][2017-04-27 19:38:34][org.mybatis.spring.mapper.ClassPathMapperScanner] - No MyBatis mapper was found in '[com.heitian.ssm.dao]' package. Please check your configuration.
[INFO][main][2017-04-27 19:38:34][org.springframework.core.io.support.PropertiesLoaderSupport] - Loading properties file from class path resource [jdbc.properties]
[INFO][main][2017-04-27 19:38:34][org.springframework.beans.factory.annotation.AutowiredAnnotationBeanPostProcessor] - JSR-330 'javax.inject.Inject' annotation found and supported for autowiring
[INFO][main][2017-04-27 19:39:45][org.springframework.context.support.AbstractApplicationContext] - Refreshing org.springframework.context.support.ClassPathXmlApplicationContext@762efe5d: startup date [Thu Apr 27 19:39:45 CST 2017]; root of context hierarchy
[INFO][main][2017-04-27 19:39:45][org.springframework.beans.factory.xml.XmlBeanDefinitionReader] - Loading XML bean definitions from class path resource [spring-mybatis.xml]
[WARN][main][2017-04-27 19:39:46][org.mybatis.spring.mapper.ClassPathMapperScanner] - No MyBatis mapper was found in '[com.heitian.ssm.dao]' package. Please check your configuration.
[INFO][main][2017-04-27 19:39:46][org.springframework.core.io.support.PropertiesLoaderSupport] - Loading properties file from class path resource [jdbc.properties]
[INFO][main][2017-04-27 19:39:46][org.springframework.beans.factory.annotation.AutowiredAnnotationBeanPostProcessor] - JSR-330 'javax.inject.Inject' annotation found and supported for autowiring
[INFO][main][2017-04-27 19:39:58][org.springframework.context.support.AbstractApplicationContext] - Refreshing org.springframework.context.support.ClassPathXmlApplicationContext@762efe5d: startup date [Thu Apr 27 19:39:58 CST 2017]; root of context hierarchy
[INFO][main][2017-04-27 19:39:58][org.springframework.beans.factory.xml.XmlBeanDefinitionReader] - Loading XML bean definitions from class path resource [spring-mybatis.xml]
[WARN][main][2017-04-27 19:39:59][org.mybatis.spring.mapper.ClassPathMapperScanner] - No MyBatis mapper was found in '[com.heitian.ssm.dao]' package. Please check your configuration.
[INFO][main][2017-04-27 19:39:59][org.springframework.core.io.support.PropertiesLoaderSupport] - Loading properties file from class path resource [jdbc.properties]
[INFO][main][2017-04-27 19:39:59][org.springframework.beans.factory.annotation.AutowiredAnnotationBeanPostProcessor] - JSR-330 'javax.inject.Inject' annotation found and supported for autowiring
[WARN][main][2017-04-27 19:39:59][org.springframework.context.support.AbstractApplicationContext] - Exception encountered during context initialization - cancelling refresh attempt: org.springframework.beans.factory.BeanCreationException: Error creating bean with name 'p' defined in class path resource [spring-mybatis.xml]: Post-processing failed of bean type [class com.qinbo.pojo.Product] failed; nested exception is java.lang.IllegalStateException: Specified field type [class com.qinbo.pojo.Category] is incompatible with resource type [com.qinbo.pojo.Product]
[INFO][main][2017-04-27 19:52:22][org.springframework.context.support.AbstractApplicationContext] - Refreshing org.springframework.context.support.ClassPathXmlApplicationContext@762efe5d: startup date [Thu Apr 27 19:52:22 CST 2017]; root of context hierarchy
[INFO][main][2017-04-27 19:52:22][org.springframework.beans.factory.xml.XmlBeanDefinitionReader] - Loading XML bean definitions from class path resource [spring-mybatis.xml]
[WARN][main][2017-04-27 19:52:23][org.mybatis.spring.mapper.ClassPathMapperScanner] - No MyBatis mapper was found in '[com.heitian.ssm.dao]' package. Please check your configuration.
[INFO][main][2017-04-27 19:52:23][org.springframework.core.io.support.PropertiesLoaderSupport] - Loading properties file from class path resource [jdbc.properties]
[INFO][main][2017-04-27 19:52:23][org.springframework.beans.factory.annotation.AutowiredAnnotationBeanPostProcessor] - JSR-330 'javax.inject.Inject' annotation found and supported for autowiring
[WARN][main][2017-04-27 19:52:23][org.springframework.context.support.AbstractApplicationContext] - Exception encountered during context initialization - cancelling refresh attempt: org.springframework.beans.factory.BeanCreationException: Error creating bean with name 'p': Injection of autowired dependencies failed; nested exception is org.springframework.beans.factory.BeanCreationException: Could not autowire field: private com.qinbo.pojo.Category com.qinbo.pojo.Product.category; nested exception is org.springframework.beans.factory.NoSuchBeanDefinitionException: No qualifying bean of type [com.qinbo.pojo.Category] found for dependency: expected at least 1 bean which qualifies as autowire candidate for this dependency. Dependency annotations: {@org.springframework.beans.factory.annotation.Autowired(required=true)}
[INFO][main][2017-04-27 19:55:04][org.springframework.context.support.AbstractApplicationContext] - Refreshing org.springframework.context.support.ClassPathXmlApplicationContext@762efe5d: startup date [Thu Apr 27 19:55:04 CST 2017]; root of context hierarchy
[INFO][main][2017-04-27 19:55:04][org.springframework.beans.factory.xml.XmlBeanDefinitionReader] - Loading XML bean definitions from class path resource [spring-mybatis.xml]
[WARN][main][2017-04-27 19:55:04][org.mybatis.spring.mapper.ClassPathMapperScanner] - No MyBatis mapper was found in '[com.heitian.ssm.dao]' package. Please check your configuration.
[INFO][main][2017-04-27 19:55:04][org.springframework.core.io.support.PropertiesLoaderSupport] - Loading properties file from class path resource [jdbc.properties]
[INFO][main][2017-04-27 19:55:04][org.springframework.beans.factory.annotation.AutowiredAnnotationBeanPostProcessor] - JSR-330 'javax.inject.Inject' annotation found and supported for autowiring
[WARN][main][2017-04-27 19:55:05][org.springframework.context.support.AbstractApplicationContext] - Exception encountered during context initialization - cancelling refresh attempt: org.springframework.beans.factory.BeanCreationException: Error creating bean with name 'p': Injection of autowired dependencies failed; nested exception is org.springframework.beans.factory.BeanCreationException: Could not autowire field: private com.qinbo.pojo.Category com.qinbo.pojo.Product.category; nested exception is org.springframework.beans.factory.NoSuchBeanDefinitionException: No qualifying bean of type [com.qinbo.pojo.Category] found for dependency: expected at least 1 bean which qualifies as autowire candidate for this dependency. Dependency annotations: {@org.springframework.beans.factory.annotation.Autowired(required=true)}
[INFO][main][2017-04-27 20:00:05][org.springframework.context.support.AbstractApplicationContext] - Refreshing org.springframework.context.support.ClassPathXmlApplicationContext@762efe5d: startup date [Thu Apr 27 20:00:05 CST 2017]; root of context hierarchy
[INFO][main][2017-04-27 20:00:05][org.springframework.beans.factory.xml.XmlBeanDefinitionReader] - Loading XML bean definitions from class path resource [spring-mybatis.xml]
[WARN][main][2017-04-27 20:00:06][org.mybatis.spring.mapper.ClassPathMapperScanner] - No MyBatis mapper was found in '[com.heitian.ssm.dao]' package. Please check your configuration.
[INFO][main][2017-04-27 20:00:06][org.springframework.core.io.support.PropertiesLoaderSupport] - Loading properties file from class path resource [jdbc.properties]
[INFO][main][2017-04-27 20:00:06][org.springframework.beans.factory.annotation.AutowiredAnnotationBeanPostProcessor] - JSR-330 'javax.inject.Inject' annotation found and supported for autowiring
[INFO][main][2017-04-27 20:00:19][org.springframework.context.support.AbstractApplicationContext] - Refreshing org.springframework.context.support.ClassPathXmlApplicationContext@762efe5d: startup date [Thu Apr 27 20:00:19 CST 2017]; root of context hierarchy
[INFO][main][2017-04-27 20:00:19][org.springframework.beans.factory.xml.XmlBeanDefinitionReader] - Loading XML bean definitions from class path resource [spring-mybatis.xml]
[WARN][main][2017-04-27 20:00:19][org.mybatis.spring.mapper.ClassPathMapperScanner] - No MyBatis mapper was found in '[com.heitian.ssm.dao]' package. Please check your configuration.
[INFO][main][2017-04-27 20:00:19][org.springframework.core.io.support.PropertiesLoaderSupport] - Loading properties file from class path resource [jdbc.properties]
[INFO][main][2017-04-27 20:00:19][org.springframework.beans.factory.annotation.AutowiredAnnotationBeanPostProcessor] - JSR-330 'javax.inject.Inject' annotation found and supported for autowiring
[INFO][main][2017-04-27 20:40:08][org.springframework.context.support.AbstractApplicationContext] - Refreshing org.springframework.context.support.ClassPathXmlApplicationContext@762efe5d: startup date [Thu Apr 27 20:40:08 CST 2017]; root of context hierarchy
[INFO][main][2017-04-27 20:40:08][org.springframework.beans.factory.xml.XmlBeanDefinitionReader] - Loading XML bean definitions from class path resource [spring-mybatis.xml]
[WARN][main][2017-04-27 20:40:08][org.mybatis.spring.mapper.ClassPathMapperScanner] - No MyBatis mapper was found in '[com.heitian.ssm.dao]' package. Please check your configuration.
[INFO][main][2017-04-27 20:40:08][org.springframework.core.io.support.PropertiesLoaderSupport] - Loading properties file from class path resource [jdbc.properties]
[INFO][main][2017-04-27 20:40:08][org.springframework.beans.factory.annotation.AutowiredAnnotationBeanPostProcessor] - JSR-330 'javax.inject.Inject' annotation found and supported for autowiring
[INFO][main][2017-05-02 19:06:02][org.springframework.context.support.AbstractApplicationContext] - Refreshing org.springframework.context.support.ClassPathXmlApplicationContext@7d6f77cc: startup date [Tue May 02 19:06:02 CST 2017]; root of context hierarchy
[INFO][main][2017-05-02 19:06:02][org.springframework.beans.factory.xml.XmlBeanDefinitionReader] - Loading XML bean definitions from class path resource [spring-mybatis.xml]
[WARN][main][2017-05-02 19:06:03][org.mybatis.spring.mapper.ClassPathMapperScanner] - No MyBatis mapper was found in '[com.heitian.ssm.dao]' package. Please check your configuration.
[INFO][main][2017-05-02 19:06:03][org.springframework.core.io.support.PropertiesLoaderSupport] - Loading properties file from class path resource [jdbc.properties]
[INFO][main][2017-05-02 19:06:03][org.springframework.beans.factory.annotation.AutowiredAnnotationBeanPostProcessor] - JSR-330 'javax.inject.Inject' annotation found and supported for autowiring
[WARN][main][2017-05-02 19:06:03][org.springframework.context.support.AbstractApplicationContext] - Exception encountered during context initialization - cancelling refresh attempt: org.springframework.beans.factory.BeanCreationException: Error creating bean with name 'category' defined in file [E:\Spring\web-ssm\target\classes\com\qinbo\pojo\Category.class]: BeanPostProcessor before instantiation of bean failed; nested exception is org.springframework.beans.factory.BeanCreationException: Error creating bean with name 'org.springframework.aop.aspectj.AspectJPointcutAdvisor#0': Bean instantiation via constructor failed; nested exception is org.springframework.beans.BeanInstantiationException: Failed to instantiate [org.springframework.aop.aspectj.AspectJPointcutAdvisor]: Constructor threw exception; nested exception is java.lang.IllegalArgumentException: warning no match for this type name: com.qinbo.Service.Product [Xlint:invalidAbsoluteTypeName]
[INFO][main][2017-05-02 19:11:26][org.springframework.context.support.AbstractApplicationContext] - Refreshing org.springframework.context.support.ClassPathXmlApplicationContext@7d6f77cc: startup date [Tue May 02 19:11:26 CST 2017]; root of context hierarchy
[INFO][main][2017-05-02 19:11:26][org.springframework.beans.factory.xml.XmlBeanDefinitionReader] - Loading XML bean definitions from class path resource [spring-mybatis.xml]
[WARN][main][2017-05-02 19:11:26][org.mybatis.spring.mapper.ClassPathMapperScanner] - No MyBatis mapper was found in '[com.heitian.ssm.dao]' package. Please check your configuration.
[INFO][main][2017-05-02 19:11:26][org.springframework.core.io.support.PropertiesLoaderSupport] - Loading properties file from class path resource [jdbc.properties]
[INFO][main][2017-05-02 19:11:26][org.springframework.beans.factory.annotation.AutowiredAnnotationBeanPostProcessor] - JSR-330 'javax.inject.Inject' annotation found and supported for autowiring
[INFO][main][2017-05-02 19:22:04][org.springframework.context.support.AbstractApplicationContext] - Refreshing org.springframework.context.support.ClassPathXmlApplicationContext@7d6f77cc: startup date [Tue May 02 19:22:04 CST 2017]; root of context hierarchy
[INFO][main][2017-05-02 19:22:04][org.springframework.beans.factory.xml.XmlBeanDefinitionReader] - Loading XML bean definitions from class path resource [spring-mybatis.xml]
[WARN][main][2017-05-02 19:22:05][org.mybatis.spring.mapper.ClassPathMapperScanner] - No MyBatis mapper was found in '[com.heitian.ssm.dao]' package. Please check your configuration.
[INFO][main][2017-05-02 19:22:05][org.springframework.core.io.support.PropertiesLoaderSupport] - Loading properties file from class path resource [jdbc.properties]
[INFO][main][2017-05-02 19:22:05][org.springframework.beans.factory.annotation.AutowiredAnnotationBeanPostProcessor] - JSR-330 'javax.inject.Inject' annotation found and supported for autowiring
